<?xml version="1.0" encoding="UTF-8"?>
<testsuite name="mts.animals.configStarter.StarterTest" tests="4" skipped="0" failures="0" errors="0" timestamp="2024-02-26T14:01:13" hostname="SSOLOMVI" time="0.126">
  <properties/>
  <testcase name="createAnimalServiceProviderCreatesDifferentTypeCreateAnimalService()" classname="mts.animals.configStarter.StarterTest" time="0.061"/>
  <testcase name="createAnimalServiceCreateRandomAnimalsOverload()" classname="mts.animals.configStarter.StarterTest" time="0.035"/>
  <testcase name="createAnimalServiceCreateRandomAnimals()" classname="mts.animals.configStarter.StarterTest" time="0.008"/>
  <testcase name="returnValueByCreateAnimalServiceCreateRandomAnimals()" classname="mts.animals.configStarter.StarterTest" time="0.014"/>
  <system-out><![CDATA[17:01:10.568 [Test worker] DEBUG org.springframework.test.context.BootstrapUtils - Instantiating CacheAwareContextLoaderDelegate from class [org.springframework.test.context.cache.DefaultCacheAwareContextLoaderDelegate]
17:01:10.590 [Test worker] DEBUG org.springframework.test.context.BootstrapUtils - Instantiating BootstrapContext using constructor [public org.springframework.test.context.support.DefaultBootstrapContext(java.lang.Class,org.springframework.test.context.CacheAwareContextLoaderDelegate)]
17:01:10.654 [Test worker] DEBUG org.springframework.test.context.BootstrapUtils - Instantiating TestContextBootstrapper for test class [mts.animals.configStarter.StarterTest] from class [org.springframework.boot.test.context.SpringBootTestContextBootstrapper]
17:01:10.682 [Test worker] INFO org.springframework.boot.test.context.SpringBootTestContextBootstrapper - Neither @ContextConfiguration nor @ContextHierarchy found for test class [mts.animals.configStarter.StarterTest], using SpringBootContextLoader
17:01:10.689 [Test worker] DEBUG org.springframework.test.context.support.AbstractContextLoader - Did not detect default resource location for test class [mts.animals.configStarter.StarterTest]: class path resource [mts/animals/configStarter/StarterTest-context.xml] does not exist
17:01:10.689 [Test worker] DEBUG org.springframework.test.context.support.AbstractContextLoader - Did not detect default resource location for test class [mts.animals.configStarter.StarterTest]: class path resource [mts/animals/configStarter/StarterTestContext.groovy] does not exist
17:01:10.690 [Test worker] INFO org.springframework.test.context.support.AbstractContextLoader - Could not detect default resource locations for test class [mts.animals.configStarter.StarterTest]: no resource found for suffixes {-context.xml, Context.groovy}.
17:01:10.799 [Test worker] DEBUG org.springframework.test.context.support.ActiveProfilesUtils - Could not find an 'annotation declaring class' for annotation type [org.springframework.test.context.ActiveProfiles] and class [mts.animals.configStarter.StarterTest]
17:01:10.932 [Test worker] DEBUG org.springframework.context.annotation.ClassPathScanningCandidateComponentProvider - Identified candidate component class: file [C:\developmentInJava\MTSFintech\animal-configuration-starter\build\classes\java\main\mts\animals\configStarter\TestApplication.class]
17:01:10.933 [Test worker] INFO org.springframework.boot.test.context.SpringBootTestContextBootstrapper - Found @SpringBootConfiguration mts.animals.configStarter.TestApplication for test class mts.animals.configStarter.StarterTest
17:01:11.095 [Test worker] DEBUG org.springframework.boot.test.context.SpringBootTestContextBootstrapper - @TestExecutionListeners is not present for class [mts.animals.configStarter.StarterTest]: using defaults.
17:01:11.096 [Test worker] INFO org.springframework.boot.test.context.SpringBootTestContextBootstrapper - Loaded default TestExecutionListener class names from location [META-INF/spring.factories]: [org.springframework.boot.test.autoconfigure.restdocs.RestDocsTestExecutionListener, org.springframework.boot.test.autoconfigure.web.client.MockRestServiceServerResetTestExecutionListener, org.springframework.boot.test.autoconfigure.web.servlet.MockMvcPrintOnlyOnFailureTestExecutionListener, org.springframework.boot.test.autoconfigure.web.servlet.WebDriverTestExecutionListener, org.springframework.boot.test.autoconfigure.webservices.client.MockWebServiceServerTestExecutionListener, org.springframework.boot.test.mock.mockito.MockitoTestExecutionListener, org.springframework.boot.test.mock.mockito.ResetMocksTestExecutionListener, org.springframework.test.context.web.ServletTestExecutionListener, org.springframework.test.context.support.DirtiesContextBeforeModesTestExecutionListener, org.springframework.test.context.event.ApplicationEventsTestExecutionListener, org.springframework.test.context.support.DependencyInjectionTestExecutionListener, org.springframework.test.context.support.DirtiesContextTestExecutionListener, org.springframework.test.context.transaction.TransactionalTestExecutionListener, org.springframework.test.context.jdbc.SqlScriptsTestExecutionListener, org.springframework.test.context.event.EventPublishingTestExecutionListener]
17:01:11.109 [Test worker] DEBUG org.springframework.boot.test.context.SpringBootTestContextBootstrapper - Skipping candidate TestExecutionListener [org.springframework.test.context.web.ServletTestExecutionListener] due to a missing dependency. Specify custom listener classes or make the default listener classes and their required dependencies available. Offending class: [javax/servlet/ServletContext]
17:01:11.112 [Test worker] DEBUG org.springframework.boot.test.context.SpringBootTestContextBootstrapper - Skipping candidate TestExecutionListener [org.springframework.test.context.transaction.TransactionalTestExecutionListener] due to a missing dependency. Specify custom listener classes or make the default listener classes and their required dependencies available. Offending class: [org/springframework/transaction/TransactionDefinition]
17:01:11.113 [Test worker] DEBUG org.springframework.boot.test.context.SpringBootTestContextBootstrapper - Skipping candidate TestExecutionListener [org.springframework.test.context.jdbc.SqlScriptsTestExecutionListener] due to a missing dependency. Specify custom listener classes or make the default listener classes and their required dependencies available. Offending class: [org/springframework/transaction/interceptor/TransactionAttribute]
17:01:11.113 [Test worker] INFO org.springframework.boot.test.context.SpringBootTestContextBootstrapper - Using TestExecutionListeners: [org.springframework.test.context.support.DirtiesContextBeforeModesTestExecutionListener@346a361, org.springframework.test.context.event.ApplicationEventsTestExecutionListener@107ed6fc, org.springframework.boot.test.mock.mockito.MockitoTestExecutionListener@1643d68f, org.springframework.boot.test.autoconfigure.SpringBootDependencyInjectionTestExecutionListener@186978a6, org.springframework.test.context.support.DirtiesContextTestExecutionListener@2e029d61, org.springframework.test.context.event.EventPublishingTestExecutionListener@482d776b, org.springframework.boot.test.autoconfigure.restdocs.RestDocsTestExecutionListener@4052274f, org.springframework.boot.test.autoconfigure.web.client.MockRestServiceServerResetTestExecutionListener@132ddbab, org.springframework.boot.test.autoconfigure.web.servlet.MockMvcPrintOnlyOnFailureTestExecutionListener@297ea53a, org.springframework.boot.test.autoconfigure.web.servlet.WebDriverTestExecutionListener@acb0951, org.springframework.boot.test.autoconfigure.webservices.client.MockWebServiceServerTestExecutionListener@5bf22f18, org.springframework.boot.test.mock.mockito.ResetMocksTestExecutionListener@267f474e]
17:01:11.121 [Test worker] DEBUG org.springframework.test.context.support.AbstractDirtiesContextTestExecutionListener - Before test class: context [DefaultTestContext@4648ce9 testClass = StarterTest, testInstance = [null], testMethod = [null], testException = [null], mergedContextConfiguration = [MergedContextConfiguration@569bf9eb testClass = StarterTest, locations = '{}', classes = '{class mts.animals.configStarter.TestApplication, class mts.animals.configStarter.TestConfig}', contextInitializerClasses = '[]', activeProfiles = '{}', propertySourceLocations = '{classpath:application-test.yml}', propertySourceProperties = '{org.springframework.boot.test.context.SpringBootTestContextBootstrapper=true}', contextCustomizers = set[org.springframework.boot.test.autoconfigure.actuate.metrics.MetricsExportContextCustomizerFactory$DisableMetricExportContextCustomizer@3d1848cc, org.springframework.boot.test.autoconfigure.properties.PropertyMappingContextCustomizer@0, org.springframework.boot.test.autoconfigure.web.servlet.WebDriverContextCustomizerFactory$Customizer@6f3c660a, org.springframework.boot.test.context.filter.ExcludeFilterContextCustomizer@40238dd0, org.springframework.boot.test.json.DuplicateJsonObjectContextCustomizerFactory$DuplicateJsonObjectContextCustomizer@6a55299e, org.springframework.boot.test.mock.mockito.MockitoContextCustomizer@9ed4be63, org.springframework.boot.test.web.client.TestRestTemplateContextCustomizer@1941a8ff, org.springframework.boot.test.context.SpringBootTestArgs@1, org.springframework.boot.test.context.SpringBootTestWebEnvironment@d29f28], contextLoader = 'org.springframework.boot.test.context.SpringBootContextLoader', parent = [null]], attributes = map[[empty]]], class annotated with @DirtiesContext [false] with mode [null].

  .   ____          _            __ _ _
 /\\ / ___'_ __ _ _(_)_ __  __ _ \ \ \ \
( ( )\___ | '_ | '_| | '_ \/ _` | \ \ \ \
 \\/  ___)| |_)| | | | | || (_| |  ) ) ) )
  '  |____| .__|_| |_|_| |_\__, | / / / /
 =========|_|==============|___/=/_/_/_/
 :: Spring Boot ::                (v2.7.4)

2024-02-26 17:01:11.787  INFO 28608 --- [    Test worker] mts.animals.configStarter.StarterTest    : Starting StarterTest using Java 17.0.8.1 on ssolomvi with PID 28608 (started by ssolo in C:\developmentInJava\MTSFintech\animal-configuration-starter)
2024-02-26 17:01:11.789  INFO 28608 --- [    Test worker] mts.animals.configStarter.StarterTest    : No active profile set, falling back to 1 default profile: "default"
2024-02-26 17:01:12.739  INFO 28608 --- [    Test worker] trationDelegate$BeanPostProcessorChecker : Bean 'animal-mts.animals.configStarter.config.AnimalConfigurationProperties' of type [mts.animals.configStarter.config.AnimalConfigurationProperties] is not eligible for getting processed by all BeanPostProcessors (for example: not eligible for auto-proxying)
2024-02-26 17:01:12.741  INFO 28608 --- [    Test worker] trationDelegate$BeanPostProcessorChecker : Bean 'mts.animals.configStarter.config.Configurations' of type [mts.animals.configStarter.config.Configurations$$EnhancerBySpringCGLIB$$929c577] is not eligible for getting processed by all BeanPostProcessors (for example: not eligible for auto-proxying)
2024-02-26 17:01:13.872  INFO 28608 --- [    Test worker] mts.animals.configStarter.StarterTest    : Started StarterTest in 2.683 seconds (JVM running for 4.636)
It's overload method in class CreateAnimalServiceImpl
Tiger:{breed=tiger;name=Fleet;cost=75968560.00;character=furious;birthDate=13-07-2018;}
Tiger:{breed=tiger;name=Swift;cost=7557560.00;character=furious;birthDate=31-01-2016;}
Tiger:{breed=tiger;name=Fleet;cost=87040560.00;character=furious;birthDate=08-08-2022;}
Tiger:{breed=tiger;name=Swift;cost=63733560.00;character=furious;birthDate=29-09-2021;}
Tiger:{breed=tiger;name=Fleet;cost=45624560.00;character=furious;birthDate=17-09-2014;}
Tiger:{breed=tiger;name=Swift;cost=56393560.00;character=furious;birthDate=06-03-2022;}
Tiger:{breed=tiger;name=Nimble;cost=24635560.00;character=furious;birthDate=09-07-2015;}
Tiger:{breed=tiger;name=Swift;cost=17933560.00;character=furious;birthDate=27-05-2014;}
Tiger:{breed=tiger;name=Swift;cost=30261560.00;character=furious;birthDate=09-08-2014;}
Tiger:{breed=tiger;name=Swift;cost=51805560.00;character=furious;birthDate=03-09-2015;}
It's override method in class CreateAnimalServiceImpl
Dog:{breed=dog;name=Muchtar;cost=17840622.80;character=active;birthDate=18-12-2016;}
Dog:{breed=dog;name=Cooper;cost=18821342.80;character=active;birthDate=20-04-2019;}
Dog:{breed=dog;name=Sharik;cost=44376742.80;character=active;birthDate=22-07-2022;}
Dog:{breed=dog;name=Muchtar;cost=16698702.80;character=active;birthDate=18-03-2016;}
Dog:{breed=dog;name=Bobik;cost=853782.80;character=active;birthDate=12-01-2020;}
Dog:{breed=dog;name=Muchtar;cost=3600942.80;character=active;birthDate=10-10-2017;}
Dog:{breed=dog;name=Bobik;cost=11380662.80;character=active;birthDate=11-06-2022;}
Dog:{breed=dog;name=Sharik;cost=39388902.80;character=active;birthDate=20-11-2016;}
Dog:{breed=dog;name=Sharik;cost=10204422.80;character=active;birthDate=23-07-2013;}
Dog:{breed=dog;name=Cooper;cost=40844382.80;character=active;birthDate=03-12-2012;}
]]></system-out>
  <system-err><![CDATA[]]></system-err>
</testsuite>
