<?xml version="1.0" encoding="UTF-8"?>
<testsuite name="mts.animals.configStarter.StarterTest" tests="1" skipped="0" failures="0" errors="0" timestamp="2024-02-17T15:28:53" hostname="SSOLOMVI" time="0.512">
  <properties/>
  <testcase name="createAnimalServiceCreateRandomAnimalsOverride()" classname="mts.animals.configStarter.StarterTest" time="0.512"/>
  <system-out><![CDATA[18:28:51.793 [Test worker] DEBUG org.springframework.test.context.BootstrapUtils - Instantiating CacheAwareContextLoaderDelegate from class [org.springframework.test.context.cache.DefaultCacheAwareContextLoaderDelegate]
18:28:51.805 [Test worker] DEBUG org.springframework.test.context.BootstrapUtils - Instantiating BootstrapContext using constructor [public org.springframework.test.context.support.DefaultBootstrapContext(java.lang.Class,org.springframework.test.context.CacheAwareContextLoaderDelegate)]
18:28:51.839 [Test worker] DEBUG org.springframework.test.context.BootstrapUtils - Instantiating TestContextBootstrapper for test class [mts.animals.configStarter.StarterTest] from class [org.springframework.boot.test.context.SpringBootTestContextBootstrapper]
18:28:51.852 [Test worker] INFO org.springframework.boot.test.context.SpringBootTestContextBootstrapper - Neither @ContextConfiguration nor @ContextHierarchy found for test class [mts.animals.configStarter.StarterTest], using SpringBootContextLoader
18:28:51.856 [Test worker] DEBUG org.springframework.test.context.support.AbstractContextLoader - Did not detect default resource location for test class [mts.animals.configStarter.StarterTest]: class path resource [mts/animals/configStarter/StarterTest-context.xml] does not exist
18:28:51.857 [Test worker] DEBUG org.springframework.test.context.support.AbstractContextLoader - Did not detect default resource location for test class [mts.animals.configStarter.StarterTest]: class path resource [mts/animals/configStarter/StarterTestContext.groovy] does not exist
18:28:51.857 [Test worker] INFO org.springframework.test.context.support.AbstractContextLoader - Could not detect default resource locations for test class [mts.animals.configStarter.StarterTest]: no resource found for suffixes {-context.xml, Context.groovy}.
18:28:51.904 [Test worker] DEBUG org.springframework.test.context.support.ActiveProfilesUtils - Could not find an 'annotation declaring class' for annotation type [org.springframework.test.context.ActiveProfiles] and class [mts.animals.configStarter.StarterTest]
18:28:51.980 [Test worker] DEBUG org.springframework.context.annotation.ClassPathScanningCandidateComponentProvider - Identified candidate component class: file [C:\developmentInJava\MTSFintech\animal-configuration-starter\build\classes\java\main\mts\animals\configStarter\TestApplication.class]
18:28:51.981 [Test worker] INFO org.springframework.boot.test.context.SpringBootTestContextBootstrapper - Found @SpringBootConfiguration mts.animals.configStarter.TestApplication for test class mts.animals.configStarter.StarterTest
18:28:52.084 [Test worker] DEBUG org.springframework.boot.test.context.SpringBootTestContextBootstrapper - @TestExecutionListeners is not present for class [mts.animals.configStarter.StarterTest]: using defaults.
18:28:52.085 [Test worker] INFO org.springframework.boot.test.context.SpringBootTestContextBootstrapper - Loaded default TestExecutionListener class names from location [META-INF/spring.factories]: [org.springframework.boot.test.autoconfigure.restdocs.RestDocsTestExecutionListener, org.springframework.boot.test.autoconfigure.web.client.MockRestServiceServerResetTestExecutionListener, org.springframework.boot.test.autoconfigure.web.servlet.MockMvcPrintOnlyOnFailureTestExecutionListener, org.springframework.boot.test.autoconfigure.web.servlet.WebDriverTestExecutionListener, org.springframework.boot.test.autoconfigure.webservices.client.MockWebServiceServerTestExecutionListener, org.springframework.boot.test.mock.mockito.MockitoTestExecutionListener, org.springframework.boot.test.mock.mockito.ResetMocksTestExecutionListener, org.springframework.test.context.web.ServletTestExecutionListener, org.springframework.test.context.support.DirtiesContextBeforeModesTestExecutionListener, org.springframework.test.context.event.ApplicationEventsTestExecutionListener, org.springframework.test.context.support.DependencyInjectionTestExecutionListener, org.springframework.test.context.support.DirtiesContextTestExecutionListener, org.springframework.test.context.transaction.TransactionalTestExecutionListener, org.springframework.test.context.jdbc.SqlScriptsTestExecutionListener, org.springframework.test.context.event.EventPublishingTestExecutionListener]
18:28:52.095 [Test worker] DEBUG org.springframework.boot.test.context.SpringBootTestContextBootstrapper - Skipping candidate TestExecutionListener [org.springframework.test.context.web.ServletTestExecutionListener] due to a missing dependency. Specify custom listener classes or make the default listener classes and their required dependencies available. Offending class: [javax/servlet/ServletContext]
18:28:52.097 [Test worker] DEBUG org.springframework.boot.test.context.SpringBootTestContextBootstrapper - Skipping candidate TestExecutionListener [org.springframework.test.context.transaction.TransactionalTestExecutionListener] due to a missing dependency. Specify custom listener classes or make the default listener classes and their required dependencies available. Offending class: [org/springframework/transaction/interceptor/TransactionAttributeSource]
18:28:52.098 [Test worker] DEBUG org.springframework.boot.test.context.SpringBootTestContextBootstrapper - Skipping candidate TestExecutionListener [org.springframework.test.context.jdbc.SqlScriptsTestExecutionListener] due to a missing dependency. Specify custom listener classes or make the default listener classes and their required dependencies available. Offending class: [org/springframework/transaction/interceptor/TransactionAttribute]
18:28:52.099 [Test worker] INFO org.springframework.boot.test.context.SpringBootTestContextBootstrapper - Using TestExecutionListeners: [org.springframework.test.context.support.DirtiesContextBeforeModesTestExecutionListener@2ed3b1f5, org.springframework.test.context.event.ApplicationEventsTestExecutionListener@63648ee9, org.springframework.boot.test.mock.mockito.MockitoTestExecutionListener@68d6972f, org.springframework.boot.test.autoconfigure.SpringBootDependencyInjectionTestExecutionListener@45be7cd5, org.springframework.test.context.support.DirtiesContextTestExecutionListener@7651218e, org.springframework.test.context.event.EventPublishingTestExecutionListener@3185fa6b, org.springframework.boot.test.autoconfigure.restdocs.RestDocsTestExecutionListener@6d366c9b, org.springframework.boot.test.autoconfigure.web.client.MockRestServiceServerResetTestExecutionListener@5b58ed3c, org.springframework.boot.test.autoconfigure.web.servlet.MockMvcPrintOnlyOnFailureTestExecutionListener@24faea88, org.springframework.boot.test.autoconfigure.web.servlet.WebDriverTestExecutionListener@3a320ade, org.springframework.boot.test.autoconfigure.webservices.client.MockWebServiceServerTestExecutionListener@64beebb7, org.springframework.boot.test.mock.mockito.ResetMocksTestExecutionListener@7813cb11]
18:28:52.103 [Test worker] DEBUG org.springframework.test.context.support.AbstractDirtiesContextTestExecutionListener - Before test class: context [DefaultTestContext@1d1f7216 testClass = StarterTest, testInstance = [null], testMethod = [null], testException = [null], mergedContextConfiguration = [MergedContextConfiguration@423e4cbb testClass = StarterTest, locations = '{}', classes = '{class mts.animals.configStarter.TestApplication, class mts.animals.configStarter.TestConfig}', contextInitializerClasses = '[]', activeProfiles = '{}', propertySourceLocations = '{classpath:application-test.properties}', propertySourceProperties = '{org.springframework.boot.test.context.SpringBootTestContextBootstrapper=true}', contextCustomizers = set[org.springframework.boot.test.autoconfigure.actuate.metrics.MetricsExportContextCustomizerFactory$DisableMetricExportContextCustomizer@47f9738, org.springframework.boot.test.autoconfigure.properties.PropertyMappingContextCustomizer@0, org.springframework.boot.test.autoconfigure.web.servlet.WebDriverContextCustomizerFactory$Customizer@6995bf68, org.springframework.boot.test.context.filter.ExcludeFilterContextCustomizer@3e7dd664, org.springframework.boot.test.json.DuplicateJsonObjectContextCustomizerFactory$DuplicateJsonObjectContextCustomizer@3549bca9, org.springframework.boot.test.mock.mockito.MockitoContextCustomizer@0, org.springframework.boot.test.web.client.TestRestTemplateContextCustomizer@4b3ed2f0, org.springframework.boot.test.context.SpringBootTestArgs@1, org.springframework.boot.test.context.SpringBootTestWebEnvironment@1e683a3e], contextLoader = 'org.springframework.boot.test.context.SpringBootContextLoader', parent = [null]], attributes = map[[empty]]], class annotated with @DirtiesContext [false] with mode [null].
18:28:52.118 [Test worker] DEBUG org.springframework.test.context.support.DependencyInjectionTestExecutionListener - Performing dependency injection for test context [[DefaultTestContext@1d1f7216 testClass = StarterTest, testInstance = mts.animals.configStarter.StarterTest@452ba1db, testMethod = [null], testException = [null], mergedContextConfiguration = [MergedContextConfiguration@423e4cbb testClass = StarterTest, locations = '{}', classes = '{class mts.animals.configStarter.TestApplication, class mts.animals.configStarter.TestConfig}', contextInitializerClasses = '[]', activeProfiles = '{}', propertySourceLocations = '{classpath:application-test.properties}', propertySourceProperties = '{org.springframework.boot.test.context.SpringBootTestContextBootstrapper=true}', contextCustomizers = set[org.springframework.boot.test.autoconfigure.actuate.metrics.MetricsExportContextCustomizerFactory$DisableMetricExportContextCustomizer@47f9738, org.springframework.boot.test.autoconfigure.properties.PropertyMappingContextCustomizer@0, org.springframework.boot.test.autoconfigure.web.servlet.WebDriverContextCustomizerFactory$Customizer@6995bf68, org.springframework.boot.test.context.filter.ExcludeFilterContextCustomizer@3e7dd664, org.springframework.boot.test.json.DuplicateJsonObjectContextCustomizerFactory$DuplicateJsonObjectContextCustomizer@3549bca9, org.springframework.boot.test.mock.mockito.MockitoContextCustomizer@0, org.springframework.boot.test.web.client.TestRestTemplateContextCustomizer@4b3ed2f0, org.springframework.boot.test.context.SpringBootTestArgs@1, org.springframework.boot.test.context.SpringBootTestWebEnvironment@1e683a3e], contextLoader = 'org.springframework.boot.test.context.SpringBootContextLoader', parent = [null]], attributes = map['org.springframework.test.context.event.ApplicationEventsTestExecutionListener.recordApplicationEvents' -> false]]].

  .   ____          _            __ _ _
 /\\ / ___'_ __ _ _(_)_ __  __ _ \ \ \ \
( ( )\___ | '_ | '_| | '_ \/ _` | \ \ \ \
 \\/  ___)| |_)| | | | | || (_| |  ) ) ) )
  '  |____| .__|_| |_|_| |_\__, | / / / /
 =========|_|==============|___/=/_/_/_/
 :: Spring Boot ::                (v2.7.4)

2024-02-17 18:28:52.438  INFO 34212 --- [    Test worker] mts.animals.configStarter.StarterTest    : Starting StarterTest using Java 17.0.8.1 on ssolomvi with PID 34212 (started by ssolo in C:\developmentInJava\MTSFintech\animal-configuration-starter)
2024-02-17 18:28:52.439  INFO 34212 --- [    Test worker] mts.animals.configStarter.StarterTest    : No active profile set, falling back to 1 default profile: "default"
2024-02-17 18:28:52.948  INFO 34212 --- [    Test worker] trationDelegate$BeanPostProcessorChecker : Bean 'mts.animals.configStarter.config.AnimalConfigurationProperties' of type [mts.animals.configStarter.config.AnimalConfigurationProperties] is not eligible for getting processed by all BeanPostProcessors (for example: not eligible for auto-proxying)
2024-02-17 18:28:52.949  INFO 34212 --- [    Test worker] trationDelegate$BeanPostProcessorChecker : Bean 'mts.animals.configStarter.config.Configurations' of type [mts.animals.configStarter.config.Configurations$$EnhancerBySpringCGLIB$$b21b9704] is not eligible for getting processed by all BeanPostProcessors (for example: not eligible for auto-proxying)
Abrakodabra!!!!
2024-02-17 18:28:53.066  INFO 34212 --- [    Test worker] mts.animals.configStarter.StarterTest    : Started StarterTest in 0.918 seconds (JVM running for 2.095)
It's override method in class CreateAnimalServiceImpl
Cat:{breed=cat;name= Shera;cost=21004708.50;character=lazy;birthDate=04-07-2019;}
Cat:{breed=cat;name=Pushok;cost=641758.50;character=lazy;birthDate=19-12-2023;}
Cat:{breed=cat;name= Belyash;cost=37994458.50;character=lazy;birthDate=20-06-2016;}
Cat:{breed=cat;name= Shera;cost=30856108.50;character=lazy;birthDate=05-10-2014;}
Cat:{breed=cat;name= Rizhik;cost=11847208.50;character=lazy;birthDate=10-08-2012;}
Cat:{breed=cat;name= Shera;cost=19314508.50;character=lazy;birthDate=21-07-2021;}
Cat:{breed=cat;name= Rizhik;cost=3169408.50;character=lazy;birthDate=02-05-2021;}
Cat:{breed=cat;name= Shera;cost=27448708.50;character=lazy;birthDate=10-10-2014;}
Cat:{breed=cat;name= Rizhik;cost=44400208.50;character=lazy;birthDate=07-04-2016;}
Cat:{breed=cat;name= Shera;cost=4034308.50;character=lazy;birthDate=04-05-2016;}
]]></system-out>
  <system-err><![CDATA[]]></system-err>
</testsuite>
